<?xml version="1.0" encoding="UTF-8"?>
<!-- Generated by org.testng.reporters.JUnitXMLReporter -->
<testsuite ignored="2" hostname="AMAV1Q0509154" failures="0" tests="3" name="Default test" time="108.297" errors="0" timestamp="2023-01-28T18:38:38 IST">
  <testcase classname="com.crm.qa.tests.ContactsPageTest" name="addNewContact" time="7.325"/>
  <testcase classname="com.crm.qa.tests.ContactsPageTest" name="addNewContact" time="7.084"/>
  <testcase classname="com.crm.qa.tests.ContactsPageTest" name="addNewContact" time="7.364"/>
  <testcase classname="com.crm.qa.tests.ContactsPageTest" name="clickonTomPterCheckbox" time="0.0">
    <ignored/>
  </testcase> <!-- clickonTomPterCheckbox -->
  <testcase classname="com.crm.qa.tests.ContactsPageTest" name="TestVerifyContactsHeader" time="0.0">
    <ignored/>
  </testcase> <!-- TestVerifyContactsHeader -->
</testsuite> <!-- Default test -->
