<?xml version="1.0" encoding="UTF-8"?>
<testng-results ignored="2" total="5" passed="3" failed="0" skipped="0">
  <reporter-output>
  </reporter-output>
  <suite started-at="2023-01-28T18:36:50 IST" name="Default suite" finished-at="2023-01-28T18:38:38 IST" duration-ms="108297">
    <groups>
    </groups>
    <test started-at="2023-01-28T18:36:50 IST" name="Default test" finished-at="2023-01-28T18:38:38 IST" duration-ms="108297">
      <class name="com.crm.qa.tests.ContactsPageTest">
        <test-method is-config="true" signature="setup()[pri:0, instance:com.crm.qa.tests.ContactsPageTest@6e2aa843]" started-at="2023-01-28T18:36:50 IST" name="setup" finished-at="2023-01-28T18:37:19 IST" duration-ms="28434" status="PASS">
          <reporter-output>
          </reporter-output>
        </test-method> <!-- setup -->
        <test-method signature="addNewContact([Ljava.lang.String;)[pri:3, instance:com.crm.qa.tests.ContactsPageTest@6e2aa843]" started-at="2023-01-28T18:37:19 IST" name="addNewContact" data-provider="testdata" finished-at="2023-01-28T18:37:26 IST" duration-ms="7325" status="PASS">
          <params>
            <param index="0">
              <value>
                <![CDATA[[Ljava.lang.String;@a85644c]]>
              </value>
            </param>
          </params>
          <reporter-output>
          </reporter-output>
        </test-method> <!-- addNewContact -->
        <test-method is-config="true" signature="tearDown()[pri:0, instance:com.crm.qa.tests.ContactsPageTest@6e2aa843]" started-at="2023-01-28T18:37:26 IST" name="tearDown" finished-at="2023-01-28T18:37:26 IST" duration-ms="121" status="PASS">
          <reporter-output>
          </reporter-output>
        </test-method> <!-- tearDown -->
        <test-method is-config="true" signature="setup()[pri:0, instance:com.crm.qa.tests.ContactsPageTest@6e2aa843]" started-at="2023-01-28T18:37:26 IST" name="setup" finished-at="2023-01-28T18:37:56 IST" duration-ms="29309" status="PASS">
          <reporter-output>
          </reporter-output>
        </test-method> <!-- setup -->
        <test-method signature="addNewContact([Ljava.lang.String;)[pri:3, instance:com.crm.qa.tests.ContactsPageTest@6e2aa843]" started-at="2023-01-28T18:37:56 IST" name="addNewContact" data-provider="testdata" finished-at="2023-01-28T18:38:03 IST" duration-ms="7084" status="PASS">
          <params>
            <param index="0">
              <value>
                <![CDATA[[Ljava.lang.String;@6d6f6860]]>
              </value>
            </param>
          </params>
          <reporter-output>
          </reporter-output>
        </test-method> <!-- addNewContact -->
        <test-method is-config="true" signature="tearDown()[pri:0, instance:com.crm.qa.tests.ContactsPageTest@6e2aa843]" started-at="2023-01-28T18:38:03 IST" name="tearDown" finished-at="2023-01-28T18:38:03 IST" duration-ms="161" status="PASS">
          <reporter-output>
          </reporter-output>
        </test-method> <!-- tearDown -->
        <test-method is-config="true" signature="setup()[pri:0, instance:com.crm.qa.tests.ContactsPageTest@6e2aa843]" started-at="2023-01-28T18:38:03 IST" name="setup" finished-at="2023-01-28T18:38:31 IST" duration-ms="27908" status="PASS">
          <reporter-output>
          </reporter-output>
        </test-method> <!-- setup -->
        <test-method signature="addNewContact([Ljava.lang.String;)[pri:3, instance:com.crm.qa.tests.ContactsPageTest@6e2aa843]" started-at="2023-01-28T18:38:31 IST" name="addNewContact" data-provider="testdata" finished-at="2023-01-28T18:38:38 IST" duration-ms="7364" status="PASS">
          <params>
            <param index="0">
              <value>
                <![CDATA[[Ljava.lang.String;@2a4f8009]]>
              </value>
            </param>
          </params>
          <reporter-output>
          </reporter-output>
        </test-method> <!-- addNewContact -->
        <test-method is-config="true" signature="tearDown()[pri:0, instance:com.crm.qa.tests.ContactsPageTest@6e2aa843]" started-at="2023-01-28T18:38:38 IST" name="tearDown" finished-at="2023-01-28T18:38:38 IST" duration-ms="118" status="PASS">
          <reporter-output>
          </reporter-output>
        </test-method> <!-- tearDown -->
      </class> <!-- com.crm.qa.tests.ContactsPageTest -->
    </test> <!-- Default test -->
  </suite> <!-- Default suite -->
</testng-results>
